{
  "Cucumber Features": {
    "coverage": {
      "/Users/wws/Desktop/4995/WikiCourse/features/support/paths.rb": {
        "lines": [
          1,
          1,
          null,
          7,
          null,
          3,
          null,
          null,
          3,
          null,
          null,
          null,
          1,
          3,
          null,
          null,
          1,
          1,
          null,
          0,
          null,
          null,
          null,
          null,
          null,
          null,
          0,
          null,
          null,
          null,
          null,
          null,
          null,
          0,
          null,
          null,
          null,
          null,
          null,
          null,
          0,
          null,
          null,
          null,
          null,
          null,
          null,
          1,
          null,
          null,
          null,
          null,
          null,
          null,
          null,
          null,
          1,
          2,
          2,
          2,
          2,
          null,
          2,
          1,
          null,
          2,
          2,
          null,
          2,
          1,
          null,
          2,
          1,
          null,
          2,
          null,
          null,
          null,
          null,
          null,
          null,
          null,
          null,
          null,
          1,
          null
        ]
      },
      "/Users/wws/Desktop/4995/WikiCourse/features/step_definitions/course_planning_steps.rb": {
        "lines": [
          1,
          7,
          35,
          null,
          null,
          null,
          1,
          4,
          null,
          null,
          1,
          3,
          null,
          null,
          1,
          1,
          null,
          null,
          1,
          1,
          null,
          null,
          1,
          2,
          null,
          null,
          1,
          1,
          5,
          null,
          null,
          null,
          1,
          11,
          11,
          null,
          null,
          null,
          1,
          5,
          5,
          null,
          null,
          null,
          1,
          null,
          null,
          null,
          null,
          2,
          null,
          null,
          1,
          1,
          null,
          null,
          null
        ]
      },
      "/Users/wws/Desktop/4995/WikiCourse/app/models/course.rb": {
        "lines": [
          1,
          null
        ]
      },
      "/Users/wws/Desktop/4995/WikiCourse/app/controllers/courses_controller.rb": {
        "lines": [
          1,
          null,
          1,
          3,
          null,
          null,
          1,
          10,
          null,
          10,
          null,
          10,
          null,
          10,
          null,
          10,
          null,
          10,
          null,
          10,
          null,
          10,
          null,
          null,
          10,
          7,
          null,
          3,
          null,
          null,
          null,
          null,
          1,
          0,
          0,
          null,
          null,
          null,
          null,
          null,
          null
        ]
      },
      "/Users/wws/Desktop/4995/WikiCourse/app/controllers/application_controller.rb": {
        "lines": [
          1,
          null
        ]
      },
      "/Users/wws/Desktop/4995/WikiCourse/app/helpers/application_helper.rb": {
        "lines": [
          1,
          null
        ]
      },
      "/Users/wws/Desktop/4995/WikiCourse/app/helpers/courses_helper.rb": {
        "lines": [
          1,
          null,
          null
        ]
      },
      "/Users/wws/Desktop/4995/WikiCourse/app/models/track.rb": {
        "lines": [
          1,
          1,
          23,
          null,
          null,
          null,
          null,
          null,
          null,
          null,
          null,
          null,
          null
        ]
      }
    },
    "timestamp": 1637012555
  },
  "RSpec": {
    "coverage": {
      "/Users/wws/Desktop/4995/WikiCourse/app/controllers/courses_controller.rb": {
        "lines": [
          1,
          null,
          1,
          3,
          null,
          null,
          1,
          4,
          null,
          4,
          null,
          4,
          null,
          4,
          null,
          4,
          null,
          4,
          null,
          4,
          null,
          4,
          null,
          null,
          4,
          2,
          null,
          2,
          null,
          null,
          null,
          null,
          1,
          2,
          2,
          null,
          null,
          null,
          null,
          null,
          null
        ]
      },
      "/Users/wws/Desktop/4995/WikiCourse/app/controllers/application_controller.rb": {
        "lines": [
          1,
          null
        ]
      },
      "/Users/wws/Desktop/4995/WikiCourse/app/models/course.rb": {
        "lines": [
          1,
          null
        ]
      },
      "/Users/wws/Desktop/4995/WikiCourse/app/models/track.rb": {
        "lines": [
          1,
          1,
          4,
          null,
          null,
          null,
          null,
          null,
          null,
          null,
          null,
          null,
          null
        ]
      }
    },
    "timestamp": 1637013272
  }
}
